{
  "stats": {
    "suites": 1,
    "tests": 6,
    "passes": 6,
    "pending": 0,
    "failures": 0,
    "start": "2022-09-08T19:39:52.902Z",
    "end": "2022-09-08T19:40:00.610Z",
    "duration": 7708
  },
  "tests": [
    {
      "title": "should successfully create a booking",
      "fullTitle": "Restful Booker API Tests should successfully create a booking",
      "file": "/Users/dikshant.agarwal/Documents/SupertestAPI/test/restfulbookerTest.spec.js",
      "duration": 1120,
      "currentRetry": 0,
      "speed": "slow",
      "err": {}
    },
    {
      "title": "should fetch the booking of the provided booking id",
      "fullTitle": "Restful Booker API Tests should fetch the booking of the provided booking id",
      "file": "/Users/dikshant.agarwal/Documents/SupertestAPI/test/restfulbookerTest.spec.js",
      "duration": 1062,
      "currentRetry": 0,
      "speed": "slow",
      "err": {}
    },
    {
      "title": "should update the booking of the provided booking id using Put request",
      "fullTitle": "Restful Booker API Tests should update the booking of the provided booking id using Put request",
      "file": "/Users/dikshant.agarwal/Documents/SupertestAPI/test/restfulbookerTest.spec.js",
      "duration": 1150,
      "currentRetry": 0,
      "speed": "slow",
      "err": {}
    },
    {
      "title": "should update the firstname and lastname of booking of the provided booking id",
      "fullTitle": "Restful Booker API Tests should update the firstname and lastname of booking of the provided booking id",
      "file": "/Users/dikshant.agarwal/Documents/SupertestAPI/test/restfulbookerTest.spec.js",
      "duration": 1100,
      "currentRetry": 0,
      "speed": "slow",
      "err": {}
    },
    {
      "title": "should Delete the booking of the provided booking id",
      "fullTitle": "Restful Booker API Tests should Delete the booking of the provided booking id",
      "file": "/Users/dikshant.agarwal/Documents/SupertestAPI/test/restfulbookerTest.spec.js",
      "duration": 1226,
      "currentRetry": 0,
      "speed": "slow",
      "err": {}
    },
    {
      "title": "should show 404 status code for deleted booking id",
      "fullTitle": "Restful Booker API Tests should show 404 status code for deleted booking id",
      "file": "/Users/dikshant.agarwal/Documents/SupertestAPI/test/restfulbookerTest.spec.js",
      "duration": 1011,
      "currentRetry": 0,
      "speed": "slow",
      "err": {}
    }
  ],
  "pending": [],
  "failures": [],
  "passes": [
    {
      "title": "should successfully create a booking",
      "fullTitle": "Restful Booker API Tests should successfully create a booking",
      "file": "/Users/dikshant.agarwal/Documents/SupertestAPI/test/restfulbookerTest.spec.js",
      "duration": 1120,
      "currentRetry": 0,
      "speed": "slow",
      "err": {}
    },
    {
      "title": "should fetch the booking of the provided booking id",
      "fullTitle": "Restful Booker API Tests should fetch the booking of the provided booking id",
      "file": "/Users/dikshant.agarwal/Documents/SupertestAPI/test/restfulbookerTest.spec.js",
      "duration": 1062,
      "currentRetry": 0,
      "speed": "slow",
      "err": {}
    },
    {
      "title": "should update the booking of the provided booking id using Put request",
      "fullTitle": "Restful Booker API Tests should update the booking of the provided booking id using Put request",
      "file": "/Users/dikshant.agarwal/Documents/SupertestAPI/test/restfulbookerTest.spec.js",
      "duration": 1150,
      "currentRetry": 0,
      "speed": "slow",
      "err": {}
    },
    {
      "title": "should update the firstname and lastname of booking of the provided booking id",
      "fullTitle": "Restful Booker API Tests should update the firstname and lastname of booking of the provided booking id",
      "file": "/Users/dikshant.agarwal/Documents/SupertestAPI/test/restfulbookerTest.spec.js",
      "duration": 1100,
      "currentRetry": 0,
      "speed": "slow",
      "err": {}
    },
    {
      "title": "should Delete the booking of the provided booking id",
      "fullTitle": "Restful Booker API Tests should Delete the booking of the provided booking id",
      "file": "/Users/dikshant.agarwal/Documents/SupertestAPI/test/restfulbookerTest.spec.js",
      "duration": 1226,
      "currentRetry": 0,
      "speed": "slow",
      "err": {}
    },
    {
      "title": "should show 404 status code for deleted booking id",
      "fullTitle": "Restful Booker API Tests should show 404 status code for deleted booking id",
      "file": "/Users/dikshant.agarwal/Documents/SupertestAPI/test/restfulbookerTest.spec.js",
      "duration": 1011,
      "currentRetry": 0,
      "speed": "slow",
      "err": {}
    }
  ]
}